0 info it worked if it ends with ok
1 verbose cli [ '/usr/local/bin/node',
1 verbose cli   '/usr/local/bin/npm',
1 verbose cli   'install',
1 verbose cli   'avahi-daemon',
1 verbose cli   'avahi-dnsconfd',
1 verbose cli   'avahi-discover',
1 verbose cli   'avahi-utils' ]
2 info using npm@3.3.12
3 info using node@v5.5.0
4 silly loadCurrentTree Starting
5 silly install loadCurrentTree
6 silly install readLocalPackageData
7 silly fetchPackageMetaData avahi-daemon
8 silly fetchPackageMetaData avahi-dnsconfd
9 silly fetchPackageMetaData avahi-discover
10 silly fetchPackageMetaData avahi-utils
11 silly fetchNamedPackageData avahi-daemon
12 silly mapToRegistry name avahi-daemon
13 silly mapToRegistry using default registry
14 silly mapToRegistry registry https://registry.npmjs.org/
15 silly mapToRegistry uri https://registry.npmjs.org/avahi-daemon
16 silly fetchNamedPackageData avahi-dnsconfd
17 silly mapToRegistry name avahi-dnsconfd
18 silly mapToRegistry using default registry
19 silly mapToRegistry registry https://registry.npmjs.org/
20 silly mapToRegistry uri https://registry.npmjs.org/avahi-dnsconfd
21 silly fetchNamedPackageData avahi-discover
22 silly mapToRegistry name avahi-discover
23 silly mapToRegistry using default registry
24 silly mapToRegistry registry https://registry.npmjs.org/
25 silly mapToRegistry uri https://registry.npmjs.org/avahi-discover
26 silly fetchNamedPackageData avahi-utils
27 silly mapToRegistry name avahi-utils
28 silly mapToRegistry using default registry
29 silly mapToRegistry registry https://registry.npmjs.org/
30 silly mapToRegistry uri https://registry.npmjs.org/avahi-utils
31 verbose request uri https://registry.npmjs.org/avahi-daemon
32 verbose request no auth needed
33 info attempt registry request try #1 at 12:16:05
34 verbose request id 6b83b7b12469b3bc
35 http request GET https://registry.npmjs.org/avahi-daemon
36 verbose request uri https://registry.npmjs.org/avahi-dnsconfd
37 verbose request no auth needed
38 info attempt registry request try #1 at 12:16:05
39 http request GET https://registry.npmjs.org/avahi-dnsconfd
40 verbose request uri https://registry.npmjs.org/avahi-discover
41 verbose request no auth needed
42 info attempt registry request try #1 at 12:16:05
43 http request GET https://registry.npmjs.org/avahi-discover
44 verbose request uri https://registry.npmjs.org/avahi-utils
45 verbose request no auth needed
46 info attempt registry request try #1 at 12:16:05
47 http request GET https://registry.npmjs.org/avahi-utils
48 http 404 https://registry.npmjs.org/avahi-utils
49 verbose headers { 'content-type': 'application/json',
49 verbose headers   'cache-control': 'max-age=0',
49 verbose headers   'content-length': '2',
49 verbose headers   'accept-ranges': 'bytes',
49 verbose headers   date: 'Sat, 06 Feb 2016 11:16:00 GMT',
49 verbose headers   via: '1.1 varnish',
49 verbose headers   age: '0',
49 verbose headers   connection: 'keep-alive',
49 verbose headers   'x-served-by': 'cache-ams4130-AMS',
49 verbose headers   'x-cache': 'MISS',
49 verbose headers   'x-cache-hits': '0',
49 verbose headers   'x-timer': 'S1454757360.556592,VS0,VE383' }
50 silly get cb [ 404,
50 silly get   { 'content-type': 'application/json',
50 silly get     'cache-control': 'max-age=0',
50 silly get     'content-length': '2',
50 silly get     'accept-ranges': 'bytes',
50 silly get     date: 'Sat, 06 Feb 2016 11:16:00 GMT',
50 silly get     via: '1.1 varnish',
50 silly get     age: '0',
50 silly get     connection: 'keep-alive',
50 silly get     'x-served-by': 'cache-ams4130-AMS',
50 silly get     'x-cache': 'MISS',
50 silly get     'x-cache-hits': '0',
50 silly get     'x-timer': 'S1454757360.556592,VS0,VE383' } ]
51 silly fetchPackageMetaData Error: Registry returned 404 for GET on https://registry.npmjs.org/avahi-utils
51 silly fetchPackageMetaData     at makeError (/usr/local/lib/node_modules/npm/node_modules/npm-registry-client/lib/request.js:264:12)
51 silly fetchPackageMetaData     at CachingRegistryClient.<anonymous> (/usr/local/lib/node_modules/npm/node_modules/npm-registry-client/lib/request.js:242:14)
51 silly fetchPackageMetaData     at Request._callback (/usr/local/lib/node_modules/npm/node_modules/npm-registry-client/lib/request.js:172:14)
51 silly fetchPackageMetaData     at Request.self.callback (/usr/local/lib/node_modules/npm/node_modules/request/request.js:198:22)
51 silly fetchPackageMetaData     at emitTwo (events.js:100:13)
51 silly fetchPackageMetaData     at Request.emit (events.js:185:7)
51 silly fetchPackageMetaData     at Request.<anonymous> (/usr/local/lib/node_modules/npm/node_modules/request/request.js:1082:10)
51 silly fetchPackageMetaData     at emitOne (events.js:95:20)
51 silly fetchPackageMetaData     at Request.emit (events.js:182:7)
51 silly fetchPackageMetaData     at IncomingMessage.<anonymous> (/usr/local/lib/node_modules/npm/node_modules/request/request.js:1009:12)
51 silly fetchPackageMetaData  error for avahi-utils { [Error: Registry returned 404 for GET on https://registry.npmjs.org/avahi-utils] pkgid: 'avahi-utils', statusCode: 404, code: 'E404' }
52 http 404 https://registry.npmjs.org/avahi-dnsconfd
53 verbose headers { 'content-type': 'application/json',
53 verbose headers   'cache-control': 'max-age=0',
53 verbose headers   'content-length': '2',
53 verbose headers   'accept-ranges': 'bytes',
53 verbose headers   date: 'Sat, 06 Feb 2016 11:16:00 GMT',
53 verbose headers   via: '1.1 varnish',
53 verbose headers   age: '0',
53 verbose headers   connection: 'keep-alive',
53 verbose headers   'x-served-by': 'cache-ams4132-AMS',
53 verbose headers   'x-cache': 'MISS',
53 verbose headers   'x-cache-hits': '0',
53 verbose headers   'x-timer': 'S1454757360.558980,VS0,VE406' }
54 silly get cb [ 404,
54 silly get   { 'content-type': 'application/json',
54 silly get     'cache-control': 'max-age=0',
54 silly get     'content-length': '2',
54 silly get     'accept-ranges': 'bytes',
54 silly get     date: 'Sat, 06 Feb 2016 11:16:00 GMT',
54 silly get     via: '1.1 varnish',
54 silly get     age: '0',
54 silly get     connection: 'keep-alive',
54 silly get     'x-served-by': 'cache-ams4132-AMS',
54 silly get     'x-cache': 'MISS',
54 silly get     'x-cache-hits': '0',
54 silly get     'x-timer': 'S1454757360.558980,VS0,VE406' } ]
55 silly fetchPackageMetaData Error: Registry returned 404 for GET on https://registry.npmjs.org/avahi-dnsconfd
55 silly fetchPackageMetaData     at makeError (/usr/local/lib/node_modules/npm/node_modules/npm-registry-client/lib/request.js:264:12)
55 silly fetchPackageMetaData     at CachingRegistryClient.<anonymous> (/usr/local/lib/node_modules/npm/node_modules/npm-registry-client/lib/request.js:242:14)
55 silly fetchPackageMetaData     at Request._callback (/usr/local/lib/node_modules/npm/node_modules/npm-registry-client/lib/request.js:172:14)
55 silly fetchPackageMetaData     at Request.self.callback (/usr/local/lib/node_modules/npm/node_modules/request/request.js:198:22)
55 silly fetchPackageMetaData     at emitTwo (events.js:100:13)
55 silly fetchPackageMetaData     at Request.emit (events.js:185:7)
55 silly fetchPackageMetaData     at Request.<anonymous> (/usr/local/lib/node_modules/npm/node_modules/request/request.js:1082:10)
55 silly fetchPackageMetaData     at emitOne (events.js:95:20)
55 silly fetchPackageMetaData     at Request.emit (events.js:182:7)
55 silly fetchPackageMetaData     at IncomingMessage.<anonymous> (/usr/local/lib/node_modules/npm/node_modules/request/request.js:1009:12)
55 silly fetchPackageMetaData  error for avahi-dnsconfd { [Error: Registry returned 404 for GET on https://registry.npmjs.org/avahi-dnsconfd] pkgid: 'avahi-dnsconfd', statusCode: 404, code: 'E404' }
56 http 404 https://registry.npmjs.org/avahi-discover
57 verbose headers { 'content-type': 'application/json',
57 verbose headers   'cache-control': 'max-age=0',
57 verbose headers   'content-length': '2',
57 verbose headers   'accept-ranges': 'bytes',
57 verbose headers   date: 'Sat, 06 Feb 2016 11:16:00 GMT',
57 verbose headers   via: '1.1 varnish',
57 verbose headers   age: '0',
57 verbose headers   connection: 'keep-alive',
57 verbose headers   'x-served-by': 'cache-ams4121-AMS',
57 verbose headers   'x-cache': 'MISS',
57 verbose headers   'x-cache-hits': '0',
57 verbose headers   'x-timer': 'S1454757360.566347,VS0,VE405' }
58 silly get cb [ 404,
58 silly get   { 'content-type': 'application/json',
58 silly get     'cache-control': 'max-age=0',
58 silly get     'content-length': '2',
58 silly get     'accept-ranges': 'bytes',
58 silly get     date: 'Sat, 06 Feb 2016 11:16:00 GMT',
58 silly get     via: '1.1 varnish',
58 silly get     age: '0',
58 silly get     connection: 'keep-alive',
58 silly get     'x-served-by': 'cache-ams4121-AMS',
58 silly get     'x-cache': 'MISS',
58 silly get     'x-cache-hits': '0',
58 silly get     'x-timer': 'S1454757360.566347,VS0,VE405' } ]
59 silly fetchPackageMetaData Error: Registry returned 404 for GET on https://registry.npmjs.org/avahi-discover
59 silly fetchPackageMetaData     at makeError (/usr/local/lib/node_modules/npm/node_modules/npm-registry-client/lib/request.js:264:12)
59 silly fetchPackageMetaData     at CachingRegistryClient.<anonymous> (/usr/local/lib/node_modules/npm/node_modules/npm-registry-client/lib/request.js:242:14)
59 silly fetchPackageMetaData     at Request._callback (/usr/local/lib/node_modules/npm/node_modules/npm-registry-client/lib/request.js:172:14)
59 silly fetchPackageMetaData     at Request.self.callback (/usr/local/lib/node_modules/npm/node_modules/request/request.js:198:22)
59 silly fetchPackageMetaData     at emitTwo (events.js:100:13)
59 silly fetchPackageMetaData     at Request.emit (events.js:185:7)
59 silly fetchPackageMetaData     at Request.<anonymous> (/usr/local/lib/node_modules/npm/node_modules/request/request.js:1082:10)
59 silly fetchPackageMetaData     at emitOne (events.js:95:20)
59 silly fetchPackageMetaData     at Request.emit (events.js:182:7)
59 silly fetchPackageMetaData     at IncomingMessage.<anonymous> (/usr/local/lib/node_modules/npm/node_modules/request/request.js:1009:12)
59 silly fetchPackageMetaData  error for avahi-discover { [Error: Registry returned 404 for GET on https://registry.npmjs.org/avahi-discover] pkgid: 'avahi-discover', statusCode: 404, code: 'E404' }
60 http 404 https://registry.npmjs.org/avahi-daemon
61 verbose headers { 'content-type': 'application/json',
61 verbose headers   'cache-control': 'max-age=0',
61 verbose headers   'content-length': '2',
61 verbose headers   'accept-ranges': 'bytes',
61 verbose headers   date: 'Sat, 06 Feb 2016 11:16:01 GMT',
61 verbose headers   via: '1.1 varnish',
61 verbose headers   age: '0',
61 verbose headers   connection: 'keep-alive',
61 verbose headers   'x-served-by': 'cache-ams4136-AMS',
61 verbose headers   'x-cache': 'MISS',
61 verbose headers   'x-cache-hits': '0',
61 verbose headers   'x-timer': 'S1454757360.573696,VS0,VE716' }
62 silly get cb [ 404,
62 silly get   { 'content-type': 'application/json',
62 silly get     'cache-control': 'max-age=0',
62 silly get     'content-length': '2',
62 silly get     'accept-ranges': 'bytes',
62 silly get     date: 'Sat, 06 Feb 2016 11:16:01 GMT',
62 silly get     via: '1.1 varnish',
62 silly get     age: '0',
62 silly get     connection: 'keep-alive',
62 silly get     'x-served-by': 'cache-ams4136-AMS',
62 silly get     'x-cache': 'MISS',
62 silly get     'x-cache-hits': '0',
62 silly get     'x-timer': 'S1454757360.573696,VS0,VE716' } ]
63 silly fetchPackageMetaData Error: Registry returned 404 for GET on https://registry.npmjs.org/avahi-daemon
63 silly fetchPackageMetaData     at makeError (/usr/local/lib/node_modules/npm/node_modules/npm-registry-client/lib/request.js:264:12)
63 silly fetchPackageMetaData     at CachingRegistryClient.<anonymous> (/usr/local/lib/node_modules/npm/node_modules/npm-registry-client/lib/request.js:242:14)
63 silly fetchPackageMetaData     at Request._callback (/usr/local/lib/node_modules/npm/node_modules/npm-registry-client/lib/request.js:172:14)
63 silly fetchPackageMetaData     at Request.self.callback (/usr/local/lib/node_modules/npm/node_modules/request/request.js:198:22)
63 silly fetchPackageMetaData     at emitTwo (events.js:100:13)
63 silly fetchPackageMetaData     at Request.emit (events.js:185:7)
63 silly fetchPackageMetaData     at Request.<anonymous> (/usr/local/lib/node_modules/npm/node_modules/request/request.js:1082:10)
63 silly fetchPackageMetaData     at emitOne (events.js:95:20)
63 silly fetchPackageMetaData     at Request.emit (events.js:182:7)
63 silly fetchPackageMetaData     at IncomingMessage.<anonymous> (/usr/local/lib/node_modules/npm/node_modules/request/request.js:1009:12)
63 silly fetchPackageMetaData  error for avahi-daemon { [Error: Registry returned 404 for GET on https://registry.npmjs.org/avahi-daemon] pkgid: 'avahi-daemon', statusCode: 404, code: 'E404' }
64 silly rollbackFailedOptional Starting
65 silly rollbackFailedOptional Finishing
66 silly runTopLevelLifecycles Starting
67 silly runTopLevelLifecycles Finishing
68 silly install printInstalled
69 verbose stack Error: Registry returned 404 for GET on https://registry.npmjs.org/avahi-utils
69 verbose stack     at makeError (/usr/local/lib/node_modules/npm/node_modules/npm-registry-client/lib/request.js:264:12)
69 verbose stack     at CachingRegistryClient.<anonymous> (/usr/local/lib/node_modules/npm/node_modules/npm-registry-client/lib/request.js:242:14)
69 verbose stack     at Request._callback (/usr/local/lib/node_modules/npm/node_modules/npm-registry-client/lib/request.js:172:14)
69 verbose stack     at Request.self.callback (/usr/local/lib/node_modules/npm/node_modules/request/request.js:198:22)
69 verbose stack     at emitTwo (events.js:100:13)
69 verbose stack     at Request.emit (events.js:185:7)
69 verbose stack     at Request.<anonymous> (/usr/local/lib/node_modules/npm/node_modules/request/request.js:1082:10)
69 verbose stack     at emitOne (events.js:95:20)
69 verbose stack     at Request.emit (events.js:182:7)
69 verbose stack     at IncomingMessage.<anonymous> (/usr/local/lib/node_modules/npm/node_modules/request/request.js:1009:12)
70 verbose statusCode 404
71 verbose pkgid avahi-utils
72 verbose cwd /websites/helsingborg/styleguide/styleguide-web
73 error Darwin 15.0.0
74 error argv "/usr/local/bin/node" "/usr/local/bin/npm" "install" "avahi-daemon" "avahi-dnsconfd" "avahi-discover" "avahi-utils"
75 error node v5.5.0
76 error npm  v3.3.12
77 error code E404
78 error 404 Registry returned 404 for GET on https://registry.npmjs.org/avahi-utils
78 error 404
78 error 404 'avahi-utils' is not in the npm registry.
78 error 404 You should bug the author to publish it (or use the name yourself!)
78 error 404
78 error 404 Note that you can also install from a
78 error 404 tarball, folder, http url, or git url.
79 verbose exit [ 1, true ]
